{"C:\\Github\\indexeddb-wrapper\\src\\ErrorHandler.js": {"path":"C:\\Github\\indexeddb-wrapper\\src\\ErrorHandler.js","statementMap":{"0":{"start":{"line":6,"column":4},"end":{"line":6,"column":19}},"1":{"start":{"line":7,"column":4},"end":{"line":7,"column":27}},"2":{"start":{"line":8,"column":4},"end":{"line":8,"column":39}},"3":{"start":{"line":17,"column":4},"end":{"line":17,"column":34}},"4":{"start":{"line":18,"column":4},"end":{"line":18,"column":34}},"5":{"start":{"line":27,"column":4},"end":{"line":27,"column":34}},"6":{"start":{"line":28,"column":4},"end":{"line":28,"column":30}},"7":{"start":{"line":37,"column":4},"end":{"line":37,"column":34}},"8":{"start":{"line":38,"column":4},"end":{"line":38,"column":33}},"9":{"start":{"line":47,"column":4},"end":{"line":47,"column":34}},"10":{"start":{"line":48,"column":4},"end":{"line":48,"column":35}}},"fnMap":{"0":{"name":"(anonymous_0)","decl":{"start":{"line":5,"column":2},"end":{"line":5,"column":3}},"loc":{"start":{"line":5,"column":45},"end":{"line":9,"column":3}},"line":5},"1":{"name":"(anonymous_1)","decl":{"start":{"line":16,"column":2},"end":{"line":16,"column":3}},"loc":{"start":{"line":16,"column":45},"end":{"line":19,"column":3}},"line":16},"2":{"name":"(anonymous_2)","decl":{"start":{"line":26,"column":2},"end":{"line":26,"column":3}},"loc":{"start":{"line":26,"column":45},"end":{"line":29,"column":3}},"line":26},"3":{"name":"(anonymous_3)","decl":{"start":{"line":36,"column":2},"end":{"line":36,"column":3}},"loc":{"start":{"line":36,"column":45},"end":{"line":39,"column":3}},"line":36},"4":{"name":"(anonymous_4)","decl":{"start":{"line":46,"column":2},"end":{"line":46,"column":3}},"loc":{"start":{"line":46,"column":45},"end":{"line":49,"column":3}},"line":46}},"branchMap":{"0":{"loc":{"start":{"line":5,"column":23},"end":{"line":5,"column":43}},"type":"default-arg","locations":[{"start":{"line":5,"column":39},"end":{"line":5,"column":43}}],"line":5},"1":{"loc":{"start":{"line":16,"column":23},"end":{"line":16,"column":43}},"type":"default-arg","locations":[{"start":{"line":16,"column":39},"end":{"line":16,"column":43}}],"line":16},"2":{"loc":{"start":{"line":26,"column":23},"end":{"line":26,"column":43}},"type":"default-arg","locations":[{"start":{"line":26,"column":39},"end":{"line":26,"column":43}}],"line":26},"3":{"loc":{"start":{"line":36,"column":23},"end":{"line":36,"column":43}},"type":"default-arg","locations":[{"start":{"line":36,"column":39},"end":{"line":36,"column":43}}],"line":36},"4":{"loc":{"start":{"line":46,"column":23},"end":{"line":46,"column":43}},"type":"default-arg","locations":[{"start":{"line":46,"column":39},"end":{"line":46,"column":43}}],"line":46}},"s":{"0":6,"1":6,"2":6,"3":1,"4":1,"5":1,"6":1,"7":1,"8":1,"9":1,"10":1},"f":{"0":6,"1":1,"2":1,"3":1,"4":1},"b":{"0":[1],"1":[1],"2":[1],"3":[1],"4":[1]},"_coverageSchema":"1a1c01bbd47fc00a2c39e90264f33305004495a9","hash":"7759bbc6530fadcb215d276d7f217c414948d8d1"}
}
